-------------------------------------------------------------------------------
Test set: com.techreturners.numbers.RomanNumeralsTest
-------------------------------------------------------------------------------
Tests run: 1, Failures: 1, Errors: 0, Skipped: 0, Time elapsed: 0.032 s <<< FAILURE! - in com.techreturners.numbers.RomanNumeralsTest
convertToRomanNumeralsTest  Time elapsed: 0.027 s  <<< FAILURE!
org.opentest4j.AssertionFailedError: expected: <MMCMXLVII> but was: <Thousands-Hundreds-Tens-ones>
	at com.techreturners.numbers.RomanNumeralsTest.convertToRomanNumeralsTest(RomanNumeralsTest.java:13)

