<?xml version="1.0" encoding="UTF-8"?>
<testsuite xmlns:xsi="http://www.w3.org/2001/XMLSchema-instance" xsi:noNamespaceSchemaLocation="https://maven.apache.org/surefire/maven-surefire-plugin/xsd/surefire-test-report.xsd" name="com.techreturners.numbers.RomanNumeralsTest" time="0.12" tests="38" errors="0" skipped="0" failures="0">
  <properties>
[...]
</properties>
  <testcase name="testWithCsvFileSourceFromClasspath{int, String}[1]" classname="com.techreturners.numbers.RomanNumeralsTest" time="0.027"/>
  <testcase name="testWithCsvFileSourceFromClasspath{int, String}[2]" classname="com.techreturners.numbers.RomanNumeralsTest" time="0.001"/>
  <testcase name="testWithCsvFileSourceFromClasspath{int, String}[3]" classname="com.techreturners.numbers.RomanNumeralsTest" time="0.001"/>
  <testcase name="testWithCsvFileSourceFromClasspath{int, String}[4]" classname="com.techreturners.numbers.RomanNumeralsTest" time="0.001"/>
  <testcase name="testWithCsvFileSourceFromClasspath{int, String}[5]" classname="com.techreturners.numbers.RomanNumeralsTest" time="0"/>
  <testcase name="testWithCsvFileSourceFromClasspath{int, String}[6]" classname="com.techreturners.numbers.RomanNumeralsTest" time="0.001"/>
  <testcase name="testWithCsvFileSourceFromClasspath{int, String}[7]" classname="com.techreturners.numbers.RomanNumeralsTest" time="0.001"/>
  <testcase name="testWithCsvFileSourceFromClasspath{int, String}[8]" classname="com.techreturners.numbers.RomanNumeralsTest" time="0.001"/>
  <testcase name="testWithCsvFileSourceFromClasspath{int, String}[9]" classname="com.techreturners.numbers.RomanNumeralsTest" time="0"/>
  <testcase name="testWithCsvFileSourceFromClasspath{int, String}[10]" classname="com.techreturners.numbers.RomanNumeralsTest" time="0.001"/>
  <testcase name="testWithCsvFileSourceFromClasspath{int, String}[11]" classname="com.techreturners.numbers.RomanNumeralsTest" time="0.001"/>
  <testcase name="testWithCsvFileSourceFromClasspath{int, String}[12]" classname="com.techreturners.numbers.RomanNumeralsTest" time="0"/>
  <testcase name="testWithCsvFileSourceFromClasspath{int, String}[13]" classname="com.techreturners.numbers.RomanNumeralsTest" time="0.001"/>
  <testcase name="testWithCsvFileSourceFromClasspath{int, String}[14]" classname="com.techreturners.numbers.RomanNumeralsTest" time="0.001"/>
  <testcase name="testWithCsvFileSourceFromClasspath{int, String}[15]" classname="com.techreturners.numbers.RomanNumeralsTest" time="0.001"/>
  <testcase name="testWithCsvFileSourceFromClasspath{int, String}[16]" classname="com.techreturners.numbers.RomanNumeralsTest" time="0.001"/>
  <testcase name="testWithCsvFileSourceFromClasspath{int, String}[17]" classname="com.techreturners.numbers.RomanNumeralsTest" time="0.001"/>
  <testcase name="testWithCsvFileSourceFromClasspath{int, String}[18]" classname="com.techreturners.numbers.RomanNumeralsTest" time="0"/>
  <testcase name="testWithCsvFileSourceFromClasspath{int, String}[19]" classname="com.techreturners.numbers.RomanNumeralsTest" time="0.001"/>
  <testcase name="testWithCsvFileSourceFromClasspath{int, String}[20]" classname="com.techreturners.numbers.RomanNumeralsTest" time="0.001"/>
  <testcase name="testWithCsvFileSourceFromClasspath{int, String}[21]" classname="com.techreturners.numbers.RomanNumeralsTest" time="0.001"/>
  <testcase name="testWithCsvFileSourceFromClasspath{int, String}[22]" classname="com.techreturners.numbers.RomanNumeralsTest" time="0.001"/>
  <testcase name="testWithCsvFileSourceFromClasspath{int, String}[23]" classname="com.techreturners.numbers.RomanNumeralsTest" time="0.001"/>
  <testcase name="testWithCsvFileSourceFromClasspath{int, String}[24]" classname="com.techreturners.numbers.RomanNumeralsTest" time="0"/>
  <testcase name="testWithCsvFileSourceFromClasspath{int, String}[25]" classname="com.techreturners.numbers.RomanNumeralsTest" time="0.001"/>
  <testcase name="testWithCsvFileSourceFromClasspath{int, String}[26]" classname="com.techreturners.numbers.RomanNumeralsTest" time="0"/>
  <testcase name="testWithCsvFileSourceFromClasspath{int, String}[27]" classname="com.techreturners.numbers.RomanNumeralsTest" time="0"/>
  <testcase name="testWithCsvFileSourceFromClasspath{int, String}[28]" classname="com.techreturners.numbers.RomanNumeralsTest" time="0.001"/>
  <testcase name="testWithCsvFileSourceFromClasspath{int, String}[29]" classname="com.techreturners.numbers.RomanNumeralsTest" time="0"/>
  <testcase name="testWithCsvFileSourceFromClasspath{int, String}[30]" classname="com.techreturners.numbers.RomanNumeralsTest" time="0.001"/>
  <testcase name="testWithCsvFileSourceFromClasspath{int, String}[31]" classname="com.techreturners.numbers.RomanNumeralsTest" time="0"/>
  <testcase name="testWithCsvFileSourceFromClasspath{int, String}[32]" classname="com.techreturners.numbers.RomanNumeralsTest" time="0"/>
  <testcase name="testWithCsvFileSourceFromClasspath{int, String}[33]" classname="com.techreturners.numbers.RomanNumeralsTest" time="0.001"/>
  <testcase name="testWithCsvFileSourceFromClasspath{int, String}[34]" classname="com.techreturners.numbers.RomanNumeralsTest" time="0"/>
  <testcase name="testWithCsvFileSourceFromClasspath{int, String}[35]" classname="com.techreturners.numbers.RomanNumeralsTest" time="0"/>
  <testcase name="convertToRomanNumeralsTest" classname="com.techreturners.numbers.RomanNumeralsTest" time="0.001"/>
  <testcase name="minusValueTest" classname="com.techreturners.numbers.RomanNumeralsTest" time="0.001"/>
  <testcase name="numberOutOfGivenRangeTest" classname="com.techreturners.numbers.RomanNumeralsTest" time="0.001"/>
</testsuite>